<?xml version="1.0" encoding="UTF-8"?>
<testng-results ignored="0" total="1" passed="1" failed="0" skipped="0">
  <reporter-output>
  </reporter-output>
  <suite started-at="2024-08-08T10:19:32 IST" name="Default suite" finished-at="2024-08-08T10:19:36 IST" duration-ms="4261">
    <groups>
    </groups>
    <test started-at="2024-08-08T10:19:32 IST" name="Default test" finished-at="2024-08-08T10:19:36 IST" duration-ms="4261">
      <class name="org.api.LaunchBrowser">
        <test-method signature="openBrowser()[pri:0, instance:org.api.LaunchBrowser@3eb25e1a]" started-at="2024-08-08T10:19:32 IST" name="openBrowser" finished-at="2024-08-08T10:19:36 IST" duration-ms="4223" status="PASS">
          <reporter-output>
          </reporter-output>
        </test-method> <!-- openBrowser -->
      </class> <!-- org.api.LaunchBrowser -->
    </test> <!-- Default test -->
  </suite> <!-- Default suite -->
</testng-results>
